2018-12-05 20:43:47.737725: I tensorflow/core/platform/cpu_feature_guard.cc:141] Your CPU supports instructions that this TensorFlow binary was not compiled to use: AVX2 FMA
2018-12-05 20:43:47.861646: I tensorflow/stream_executor/cuda/cuda_gpu_executor.cc:964] successful NUMA node read from SysFS had negative value (-1), but there must be at least one NUMA node, so returning NUMA node zero
2018-12-05 20:43:47.862494: I tensorflow/core/common_runtime/gpu/gpu_device.cc:1432] Found device 0 with properties: 
name: Tesla K40c major: 3 minor: 5 memoryClockRate(GHz): 0.745
pciBusID: 0000:0a:00.0
totalMemory: 11.17GiB freeMemory: 11.09GiB
2018-12-05 20:43:47.862537: I tensorflow/core/common_runtime/gpu/gpu_device.cc:1511] Adding visible gpu devices: 0
2018-12-05 20:43:48.174238: I tensorflow/core/common_runtime/gpu/gpu_device.cc:982] Device interconnect StreamExecutor with strength 1 edge matrix:
2018-12-05 20:43:48.174282: I tensorflow/core/common_runtime/gpu/gpu_device.cc:988]      0 
2018-12-05 20:43:48.174289: I tensorflow/core/common_runtime/gpu/gpu_device.cc:1001] 0:   N 
2018-12-05 20:43:48.174525: I tensorflow/core/common_runtime/gpu/gpu_device.cc:1115] Created TensorFlow device (/job:localhost/replica:0/task:0/device:GPU:0 with 10748 MB memory) -> physical GPU (device: 0, name: Tesla K40c, pci bus id: 0000:0a:00.0, compute capability: 3.5)
Hello
Loss: 0.88630277
Loss: 0.4922738
Loss: 1.5486355
Loss: 2.7996483
Loss: 1.4380536
Loss: 1.445668
Loss: 1.8947362
Loss: 1.1517109
Loss: 1.379224
Loss: 0.04071263
Loss: 0.031026611
Loss: 0.04331545
Loss: 1.0159307
Loss: 0.10549028
Loss: 0.8860884
Loss: 0.055350605
Loss: 1.5311013
Loss: 0.8185507
Loss: 2.1316288
Loss: 2.0767365
Loss: 3.495662
Loss: 3.3031733
Loss: 3.0693936
Loss: 3.4413915
Loss: 1.8588002
Loss: 0.014682179
Loss: 0.007213718
Loss: 0.37753797
Loss: 0.18972485
Loss: 0.015944436
Loss: 0.005880545
Loss: 0.02992598
Loss: 0.0511299
Loss: 0.04742483
Loss: 0.04458896
Loss: 1.2569778
Loss: 3.0345902
Loss: 4.705666
Loss: 3.8539097
Loss: 3.4392881
Loss: 3.9795566
Loss: 4.4829106
Loss: 4.9345374
Loss: 1.694568
Loss: 0.2316241
Loss: 4.803373
Loss: 9.887386
Loss: 4.445674
Loss: 3.4756594
Loss: 3.9588432
Loss: 0.935444
Loss: 6.8304996
Loss: 3.9460707
Loss: 2.6694534
Loss: 2.6382082
Loss: 0.45051003
Loss: 3.3992972
Loss: 3.3488967
Loss: 1.211942
Loss: 1.8624667
Loss: 0.8943006
Loss: 0.015212605
Loss: 0.67937684
Loss: 4.1052766
Loss: 0.59931695
Loss: 0.44958973
Loss: 4.4990606
Loss: 5.0077662
Loss: 5.4009185
Loss: 5.9120903
Loss: 3.260382
Loss: 3.8088477
Loss: 4.2108808
Loss: 5.198839
Loss: 0.5620089
Loss: 3.2949467
Loss: 2.8359213
Loss: 3.2545974
Loss: 2.624448
Loss: 2.0513458
Loss: 2.3515193
Loss: 0.02281111
Loss: 6.572636
Loss: 3.3753011
Loss: 3.2021544
Loss: 3.4075043
Loss: 1.5854061
Loss: 1.6443807
Loss: 4.047547
Loss: 2.7772188
Loss: 1.6982008
Loss: 3.6176326
Loss: 2.3792865
Loss: 3.291404
Loss: 3.7008853
Loss: 3.016069
Loss: 2.2118416
Loss: 1.845343
Loss: 2.1913075
Loss: 1.5181103
Loss: 1.8809307
Loss: 2.5030818
Loss: 1.2813112
Loss: 3.12613
Loss: 0.022725055
Loss: 0.07705729
Loss: 0.4893354
Loss: 0.39595082
Loss: 0.38990557
Loss: 0.3230296
Loss: 3.1204207
Loss: 3.161066
Loss: 2.1369038
Loss: 0.23358855
Loss: 0.8619092
Loss: 0.6947436
Loss: 2.6942055
Loss: 2.3135438
Loss: 2.1736045
Loss: 2.3032868
Loss: 4.337866
Loss: 2.287187
Loss: 1.8666381
Loss: 2.1416874
Loss: 2.4094694
Loss: 2.9965067
Loss: 2.7075322
Loss: 3.7732203
Loss: 2.7387486
Loss: 2.774957
Loss: 3.7455719
Loss: 3.6421332
Loss: 2.520423
Loss: 3.4413042
Loss: 3.636181
Loss: 5.499705
Loss: 2.854592
Loss: 7.2617097
Loss: 5.432613
Loss: 5.57697
Loss: 4.0269156
Loss: 3.2841027
Loss: 4.175163
Loss: 4.7643905
Loss: 5.5617313
Loss: 3.7373946
Loss: 2.2513695
Loss: 1.1455743
Loss: 1.2920208
Loss: 0.64276767
Loss: 0.7125117
Loss: 0.4919519
Loss: 1.0739685
Loss: 0.7153424
Loss: 0.70898724
Loss: 0.002394239
Loss: 0.7691961
Loss: 2.0563595
Loss: 2.3008127
Loss: 3.6958458
Loss: 1.2039086
Loss: 2.2463155
Loss: 0.011204435
Loss: 1.5113719
Loss: 0.8505838
Loss: 3.5841937
Loss: 4.2826343
Loss: 3.802723
Loss: 4.3509316
Loss: 3.1974275
Loss: 3.162397
Loss: 3.4617155
Loss: 3.2820694
Loss: 0.4923221
Loss: 4.245538
Loss: 4.2191625
Loss: 0.01844623
Loss: 0.0677742
Loss: 0.027683398
Loss: 1.0624294
Loss: 2.7136648
Loss: 0.6248781
Loss: 0.54898435
Loss: 0.422698
Loss: 0.013700421
Loss: 0.019431235
Loss: 0.009903327
Loss: 1.3376462
Loss: 1.0737526
Loss: 1.8157629
Loss: 2.634345
Loss: 0.74868184
Loss: 1.8189465
Loss: 2.2091117
Loss: 2.8315637
Loss: 2.2529511
Loss: 0.06522772
Loss: 1.2991359
Loss: 1.7938191
Loss: 5.2968273
Loss: 3.3021467
Loss: 1.0943977
Loss: 2.1961746
Loss: 3.2186139
Loss: 1.7951524
Loss: 0.30272818
Loss: 0.54536325
Loss: 0.3510135
Loss: 0.36132085
Loss: 0.3256768
Loss: 0.17908886
Loss: 3.3698707
Loss: 3.4608912
Loss: 2.9050379
Loss: 2.9474847
Loss: 2.7634606
Loss: 3.7354329
Loss: 3.5596228
Loss: 4.764883
Loss: 2.9724336
Loss: 3.8192303
Loss: 3.1683426
Loss: 2.1732728
Loss: 2.0134377
Loss: 1.9308643
Loss: 0.051100142
Loss: 5.5477376
Loss: 5.3607173
Loss: 6.2223053
Loss: 3.404366
Loss: 3.9984858
Loss: 5.240341
Loss: 4.1152987
Loss: 3.4270518
Loss: 4.5965557
Loss: 6.1977444
Loss: 0.20954792
Loss: 2.0620475
Loss: 0.027224725
Loss: 0.030718084
Loss: 3.2002077
Loss: 2.9775577
Loss: 2.510551
Loss: 2.9863205
Loss: 3.0951617
Loss: 2.804382
Loss: 0.0014136786
Loss: 4.850491
Loss: 4.511082
Loss: 4.4215446
Loss: 4.202518
Loss: 3.9410403
Loss: 2.0759811
Loss: 0.51518226
Loss: 0.6299341
Loss: 0.3986589
Loss: 0.39250043
Loss: 0.35177073
Loss: 0.50909394
Loss: 0.63135934
Loss: 0.6100693
Loss: 0.65615606
Loss: 0.61098
Loss: 0.3475756
Loss: 7.3663096
Loss: 4.5534062
Loss: 3.5795026
Loss: 2.8180091
Loss: 3.2733579
Loss: 1.3349979
Loss: 1.7110989
Loss: 2.4497478
Loss: 0.04862401
Loss: 2.880702
Loss: 3.4596696
Loss: 2.9042375
Loss: 3.6266468
Loss: 3.1860707
Loss: 0.1673763
Loss: 0.5362405
Loss: 0.5739903
Loss: 0.87577796
Loss: 0.61652285
Loss: 0.9917665
Loss: 0.90173286
Loss: 0.40522867
Loss: 0.003134696
Loss: 0.00035970486
Loss: 4.784883
Loss: 1.2497528
Loss: 1.1360928
Loss: 1.1163512
Loss: 1.2425201
Loss: 1.9429601
Loss: 2.4606574
Loss: 0.062613316
Loss: 0.78524625
Loss: 1.1882552
Loss: 1.4775181
Loss: 0.35256907
Loss: 0.0012782896
Loss: 0.24605498
Loss: 1.4248936
Loss: 1.6414901
Loss: 0.27059856
Loss: 2.3756196
Loss: 3.359179
Loss: 1.9365292
Loss: 5.5228224
Loss: 3.9799473
Loss: 6.1790686
Loss: 5.0521965
Loss: 5.159593
Loss: 7.0804777
Loss: 1.7341348
Loss: 4.696112
Loss: 8.17593
Loss: 5.3512526
Loss: 5.3614144
Loss: 4.403193
Loss: 2.8416822
Loss: 5.2071066
Loss: 4.018838
Loss: 3.378984
Loss: 4.5243487
Loss: 1.6249776
Loss: 0.40233684
Loss: 0.6112247
Loss: 1.8924083
Loss: 1.7905546
Loss: 1.5091411
Loss: 2.5959566
Loss: 2.7725108
Loss: 3.1828804
Loss: 0.25031754
Loss: 3.378403
Loss: 2.3865836
Loss: 0.06771049
Loss: 2.3087428
Loss: 0.50643474
Loss: 2.1697738
Loss: 1.8612242
Loss: 0.839284
Loss: 0.16297334
Loss: 0.08400447
Loss: 0.119971834
Loss: 1.1425455
Loss: 2.6392004
Loss: 1.5379859
Loss: 0.06308981
Loss: 1.1975068
Loss: 1.7495396
Loss: 1.6300015
Loss: 0.71511984
Loss: 1.6071674
Loss: 2.2527704
Loss: 1.1806434
Loss: 1.4769666
Loss: 2.2169075
Loss: 1.8761003
Loss: 0.12586442
Loss: 1.6400639
Loss: 0.37561333
Loss: 2.8169024
Loss: 0.0006839151
Loss: 1.531597
Loss: 5.79796
Loss: 1.5235727
Loss: 1.7655851
Loss: 1.3396746
Loss: 2.4857805
Loss: 4.4440646
Loss: 3.913451
Loss: 2.0739932
Loss: 1.6523292
Loss: 1.6618737
Loss: 2.8712983
Loss: 2.260664
Loss: 2.7167797
Loss: 1.4942772
Loss: 1.4765109
Loss: 0.039840143
Loss: 3.0407717
Loss: 6.4641747
Loss: 2.88971
Loss: 6.0738573
Loss: 3.6774137
Loss: 4.625431
Loss: 0.0033072094
Loss: 0.03841254
Loss: 0.17985325
Loss: 0.26773357
Loss: 0.17316118
Loss: 0.3627957
Loss: 0.49936685
Loss: 0.3875285
Loss: 0.3872158
Loss: 2.4483476
Loss: 0.5718748
Loss: 2.3980877
Loss: 1.8273559
Loss: 3.7071996
Loss: 2.2568123
Loss: 2.6584518
Loss: 1.7865798
Loss: 1.8336052
Loss: 2.4691956
Loss: 1.779996
Loss: 2.4930894
Loss: 4.498551
Loss: 1.8918746
Loss: 3.3523545
Loss: 0.013415209
Loss: 0.0055848965
Loss: 4.284874
Loss: 5.4146957
Loss: 4.4820127
Loss: 5.0629163
Loss: 3.0646796
Loss: 3.788027
Loss: 3.5591729
Loss: 1.0362368
Loss: 1.109854
Loss: 0.004331275
Loss: 0.84065384
Loss: 1.2350441
Loss: 0.8131816
Loss: 0.7048945
Loss: 1.3002826
Loss: 1.746992
Loss: 1.011643
Loss: 1.5424675
Loss: 1.3520117
Loss: 1.9257822
Loss: 2.0695817
Loss: 2.5520663
Loss: 1.7118733
Loss: 1.8892596
Loss: 2.0904982
Loss: 1.4580487
Loss: 1.6677114
Loss: 1.7542318
Loss: 1.3822355
Loss: 1.8281397
Loss: 0.22503415
Loss: 0.26397136
Loss: 0.33935934
Loss: 1.0902096
Loss: 0.35701138
Loss: 0.34128615
Loss: 1.0062478
Loss: 0.08154371
Loss: 0.8336099
Loss: 0.972125
Loss: 0.6239559
Loss: 0.72188544
Loss: 1.9925785
Loss: 1.5672339
Loss: 2.0529165
Loss: 0.37751648
Loss: 1.71074
Loss: 1.0043526
Loss: 2.2373471
Loss: 2.149893
Loss: 2.1183856
Loss: 2.9418595
Loss: 2.7134535
Loss: 2.623825
Loss: 0.033817317
Loss: 0.030471457
Loss: 1.7646794
Loss: 1.3836846
Loss: 1.6206522
Loss: 1.1339594
Loss: 0.0020939133
Loss: 0.052399255
Loss: 0.22804762
Loss: 0.24173169
Loss: 1.5535864
Loss: 1.704171
Loss: 0.06169193
Loss: 1.4861723
Loss: 1.5142088
Loss: 1.4816478
Loss: 2.3322718
Loss: 1.5428119
Loss: 1.9661559
Loss: 1.8191308
Loss: 2.22863
Loss: 3.1359353
Loss: 1.9404397
Loss: 2.0812924
Loss: 0.7037354
Loss: 2.9717622
Loss: 0.5500594
Loss: 0.5809897
Loss: 2.1412158
Loss: 0.9570408
Loss: 0.71852255
Loss: 0.346896
Loss: 0.58533895
Loss: 1.6693201
Loss: 0.012422769
Loss: 0.48168626
Loss: 0.9566346
Loss: 0.001889738
Loss: 2.6810205
Loss: 0.4510182
Loss: 0.805964
Loss: 1.5538024
Loss: 1.1510574
Loss: 0.17797625
Loss: 1.2653508
Loss: 0.86468166
Loss: 0.024697844
Loss: 2.1991303
Loss: 2.4180572
Loss: 1.3257997
Loss: 1.4765595
Loss: 1.0907514
Loss: 0.030420667
Loss: 1.8101164
Loss: 1.5220248
Loss: 2.6567094
Loss: 2.5553603
Loss: 1.8881551
Loss: 2.8887908
Loss: 1.6021253
Loss: 2.7697248
Loss: 2.7675605
Loss: 2.361079
Loss: 2.2167633
Loss: 5.671509
Loss: 2.8581858
Loss: 6.712095
Loss: 1.7338356
Loss: 0.6429118
Loss: 2.831968
Loss: 3.4357622
Loss: 3.2877462
Loss: 3.4395173
Loss: 3.808773
Loss: 4.494929
Loss: 4.4139113
Loss: 2.9403882
Loss: 2.8022845
Loss: 2.7362218
Loss: 0.008262126
Loss: 0.00686001
Loss: 0.00829262
Loss: 0.01466954
Loss: 0.65152377
Loss: 0.57592475
Loss: 0.09562151
Loss: 0.06019552
Loss: 0.055677224
Loss: 0.4190371
Loss: 0.8524122
Loss: 1.0170035
Loss: 0.7599868
Loss: 0.5908221
Loss: 0.92104656
Loss: 0.9491629
Loss: 1.621568
Loss: 3.890727
Loss: 3.5018668
Loss: 0.0052160234
Loss: 0.0020450824
Loss: 0.106072485
Loss: 0.20610236
Loss: 0.6739923
Loss: 4.2197747
Loss: 6.0046616
Loss: 7.0860095
Loss: 4.7806726
Loss: 4.9802737
Loss: 7.313005
Loss: 6.7684827
Loss: 4.341544
Loss: 7.1966186
Loss: 5.1540174
Loss: 4.5453386
Loss: 4.837887
Loss: 4.1672735
Loss: 0.00017560527
Loss: 9.684069
Loss: 2.8359573
Loss: 2.8996923
Loss: 3.7937443
Loss: 2.4581273
Loss: 2.7477963
Loss: 2.6110942
Loss: 2.6914115
Loss: 0.0023688965
Loss: 14.886154
Loss: 1.4364579
Loss: 1.4606946
Loss: 0.6931491
Loss: 0.64801675
Loss: 0.29176253
Loss: 1.0078685
Loss: 0.53026414
Loss: 0.35212058
Loss: 2.9038675
Loss: 4.1837254
Loss: 2.8005867
Loss: 3.3600986
Loss: 3.5462868
Loss: 2.789124
Loss: 2.2082815
Loss: 4.615554
Loss: 6.802491
Loss: 0.022824591
Loss: 0.07660695
Loss: 6.8847566
Loss: 1.2558146
Loss: 5.9729652
Loss: 6.070315
Loss: 4.380222
Loss: 6.5328755
Loss: 0.11658665
Loss: 0.050871983
Loss: 5.644799
Loss: 0.017910277
Loss: 1.4860848
Loss: 1.713157
Loss: 2.6719363
Loss: 2.4389074
Loss: 1.4542664
Loss: 0.046635322
Loss: 2.4904246
Loss: 2.2356606
Loss: 0.61440045
Loss: 0.528239
Loss: 1.4804673
Loss: 2.5938764
Loss: 1.3030308
Loss: 2.1589599
Loss: 4.184994
Loss: 2.7592907
Loss: 2.2430418
Loss: 3.695073
Loss: 0.0023507972
Loss: 1.1889281
Loss: 1.4827983
Loss: 1.9157919
Loss: 1.3395615
Loss: 1.7699416
Loss: 0.9279771
Loss: 1.2498566
Loss: 1.3819252
Loss: 0.011067435
Loss: 0.5468072
Loss: 0.6395293
Loss: 0.50287366
Loss: 0.6512934
Loss: 0.6639008
Loss: 1.0494782
Loss: 1.718365
Loss: 1.9552376
Loss: 2.0814264
Loss: 1.9652927
Loss: 1.7839895
Loss: 3.3230066
Loss: 2.95302
Loss: 3.1321352
Loss: 0.024317821
Loss: 2.951586
Loss: 0.16503203
Loss: 4.986348
Loss: 4.2696676
Loss: 4.300852
Loss: 0.06493509
Loss: 0.011802517
Loss: 0.84486836
Loss: 3.052147
Loss: 0.14212735
Loss: 0.87037444
Loss: 0.07433092
Loss: 1.5357865
Loss: 0.027790653
Loss: 0.8833772
Loss: 2.8233213
Loss: 2.9002483
Loss: 3.6704762
Loss: 3.332813
Loss: 2.7928574
Loss: 0.0013288426
Loss: 4.380049
Loss: 5.0248814
Loss: 5.231399
Loss: 4.7609715
Loss: 5.4529285
Loss: 4.394641
Loss: 0.0017200268
Loss: 0.01924729
Loss: 0.061999917
Loss: 0.81220245
Loss: 1.48427
Loss: 1.966903
Loss: 1.9139148
Loss: 1.6794422
Loss: 0.000655874
Loss: 1.5035224
Loss: 0.74824244
Loss: 1.5273709
Loss: 1.9432635
Loss: 2.8153746
Loss: 2.2145867
Loss: 1.7583885
Loss: 1.7998257
Loss: 0.019305555
Loss: 0.25211522
Loss: 1.885163
Loss: 1.3044957
Loss: 1.1978867
Loss: 0.4849048
Loss: 1.0840366
Loss: 0.00035222448
Loss: 0.0027623333
Loss: 0.011305608
Loss: 0.8409858
Loss: 1.135398
Loss: 1.7463477
Loss: 0.6611481
Loss: 0.065773554
Loss: 0.5853616
Loss: 7.72557e-05
Loss: 3.9946258
Loss: 4.6444163
Loss: 3.891389
Loss: 4.9483695
Loss: 1.4096164
Loss: 1.240289
Loss: 4.7006125
Loss: 3.3761413
Loss: 1.9997925
Loss: 2.6179767
Loss: 0.017005058
Loss: 8.070183
Loss: 8.949006
Loss: 1.4731672
Loss: 1.0384762
Loss: 1.9061747
Loss: 0.5961168
Loss: 1.4840213
Loss: 2.4876382
Loss: 1.79371
Loss: 1.4886599
Loss: 2.3297775
Loss: 5.3126907
Loss: 1.6382322
Loss: 0.0014376692
Loss: 1.9927356
Loss: 6.9332175
Loss: 6.372252
Loss: 4.218591
Loss: 6.083422
Loss: 3.1952598
Loss: 6.9394245
Loss: 7.2767935
Loss: 3.8401186
Loss: 5.863216
Loss: 1.7464168
Loss: 2.7189598
Loss: 2.5543387
Loss: 2.2984707
Loss: 3.91722
Loss: 2.8912797
Loss: 2.0051706
Loss: 2.5872438
Loss: 2.697909
Loss: 3.4842758
Loss: 1.2060285
Loss: 2.7281969
Loss: 3.3918107
Loss: 1.0886117
Loss: 3.1828535
Loss: 0.13519898
Loss: 1.4467783
Loss: 1.1939373
Loss: 2.9763148
Loss: 0.23160596
Loss: 0.28837258
Loss: 3.8089979
Loss: 2.233441
Loss: 1.5729579
Loss: 3.7826414
Loss: 3.215619
Loss: 5.635029
Loss: 3.2349346
Loss: 1.690893
Loss: 2.8351288
Loss: 2.5146494
Loss: 1.6687254
Loss: 2.1725245
Loss: 2.3602123
Loss: 2.1864133
Loss: 0.5102171
Loss: 1.0823051
Loss: 1.0238175
Loss: 0.78024745
Loss: 0.72200245
Loss: 0.9099284
Loss: 0.50894827
Loss: 0.94799864
Loss: 0.53831446
Loss: 0.6196227
Loss: 0.955509
Loss: 0.20071338
Loss: 1.515794
Loss: 2.362781
Loss: 1.8878781
Loss: 1.7674446
Loss: 2.0759227
Loss: 4.6704426
Loss: 6.3970838
Loss: 4.7303724
Loss: 0.5477168
Loss: 3.3707747
Loss: 0.008743131
Loss: 5.992742
Loss: 4.490241
Loss: 6.320357
Loss: 4.5748925
Loss: 0.91642326
Loss: 3.2825115
Loss: 2.7010179
Loss: 4.503804
Loss: 0.022200722
Loss: 0.090988435
Loss: 0.09118114
Loss: 2.4955347
Loss: 3.2609932
Loss: 1.9893692
Loss: 1.8069738
Loss: 2.9780734
Loss: 1.6997447
Loss: 1.746593
Loss: 1.9033966
Loss: 1.6329759
Loss: 2.763548
Loss: 1.0965544
Loss: 1.761723
Loss: 4.58027
Loss: 3.8218095
Loss: 4.697239
Loss: 3.0891254
Loss: 3.7218628
Loss: 2.879258
Loss: 0.40934876
Loss: 1.1390467
Loss: 1.1959051
Loss: 1.5765139
Loss: 1.7011845
Loss: 0.38285092
Loss: 1.5576875
Loss: 0.0034823758
Loss: 1.5731794
Loss: 2.0734148
Loss: 0.0757481
Loss: 1.7517515
Loss: 1.9574846
Loss: 2.066416
Loss: 0.043056786
Loss: 1.8431683
Loss: 2.1170323
Loss: 1.3327509
Loss: 0.0016919149
Loss: 0.55446947
Loss: 0.3745776
Loss: 1.0084932
Loss: 1.7613684
Loss: 1.1406224
Loss: 1.1154388
Loss: 1.4061488
Loss: 1.0520614
Loss: 1.2073807
Loss: 0.0076599168
Loss: 0.006752233
Loss: 0.0073893056
Loss: 1.0474026
Loss: 0.15820633
Loss: 0.75586486
Loss: 0.10203401
Loss: 1.4671925
Loss: 0.7115224
Loss: 2.0422122
Loss: 1.8697666
Loss: 3.3916612
Loss: 3.3982766
Loss: 3.195659
Loss: 3.84394
Loss: 1.778807
Loss: 0.0009298494
Loss: 0.00011188362
Loss: 0.0027188628
Loss: 0.0025380137
Loss: 0.0006320579
Loss: 0.0003361379
Loss: 0.0019349763
Loss: 0.0020845868
Loss: 0.0029782965
Loss: 0.017832907
Loss: 0.9986175
Loss: 2.5762157
Loss: 4.358926
Loss: 4.3358674
Loss: 2.6025734
Loss: 3.353623
Loss: 4.5007806
Loss: 4.5479517
Loss: 1.3805572
Loss: 0.17225604
Loss: 2.891164
Loss: 6.7790937
Loss: 3.174397
Loss: 2.751051
Loss: 2.9921098
Loss: 0.3258158
Loss: 6.420916
Loss: 2.9677534
Loss: 2.6201208
Loss: 2.4464295
Loss: 0.29268867
Loss: 2.402023
Loss: 2.7839196
Loss: 0.92263085
Loss: 1.4528577
Loss: 0.733938
Loss: 0.003439586
Loss: 0.49983415
Loss: 3.5443137
Loss: 0.57517123
Loss: 0.27549553
Loss: 2.8481371
Loss: 4.943582
Loss: 5.5747476
Loss: 5.6592135
Loss: 2.7789137
Loss: 3.384462
Loss: 3.2451057
Loss: 4.6014333
Loss: 0.47318143
Loss: 2.4548965
Loss: 1.9408107
Loss: 2.5895002
Loss: 2.3109725
Loss: 1.8009609
Loss: 2.070345
Loss: 0.012081612
Loss: 6.754062
Loss: 2.2425725
Loss: 2.1938243
Loss: 2.9212143
Loss: 1.3507943
Loss: 1.665828
Loss: 3.2194078
Loss: 2.6719701
Loss: 1.2784076
Loss: 2.6810298
Loss: 1.6759446
Loss: 2.7897072
Loss: 3.299339
Loss: 2.0997245
Loss: 1.8555068
Loss: 1.5103893
Loss: 1.6549326
Loss: 0.9962699
Loss: 1.2692798
Loss: 1.6701361
Loss: 0.75147164
Loss: 2.0896742
Loss: 0.00486491
Loss: 0.045232538
Loss: 0.37982175
Loss: 0.23226553
Loss: 0.23271662
Loss: 0.13831803
Loss: 2.31599
Loss: 1.6826591
Loss: 1.1438512
Loss: 0.112206906
Loss: 0.4145698
Loss: 0.24295336
Loss: 2.1131244
Loss: 1.657839
Loss: 1.9131666
Loss: 1.7579825
Loss: 3.0244384
Loss: 1.7992096
Loss: 1.7472214
Loss: 1.9788446
Loss: 2.0047011
Loss: 2.2629914
Loss: 2.317298
Loss: 2.9470534
Loss: 2.207651
Loss: 1.3123783
Loss: 1.9537823
Loss: 1.4317832
Loss: 1.0545317
Loss: 2.2568028
Loss: 2.6116097
Loss: 4.1640134
Loss: 1.7599664
Loss: 6.0232897
Loss: 3.8455954
Loss: 3.6629772
Loss: 2.644883
Loss: 2.430451
Loss: 2.5342035
Loss: 3.4724329
Loss: 3.993886
Loss: 2.4673042
Loss: 1.8517802
Loss: 1.320038
Loss: 1.2230496
Loss: 0.5970873
Loss: 0.60465986
Loss: 0.4322605
Loss: 1.017816
Loss: 0.6702242
Loss: 0.6356023
Loss: 0.0008213506
Loss: 0.80351347
Loss: 2.072777
Loss: 2.249108
Loss: 3.9229136
Loss: 1.187388
Loss: 1.9826885
Loss: 0.007745534
Loss: 1.2053379
Loss: 0.6112448
Loss: 2.644015
Loss: 3.3199975
Loss: 3.1542246
Loss: 3.9142938
Loss: 2.6181445
Loss: 2.5940053
Loss: 2.799234
Loss: 2.4941974
Loss: 0.3676576
Loss: 3.4172149
Loss: 3.2797627
Loss: 0.008696281
Loss: 0.03639966
Loss: 0.018613083
Loss: 0.5863628
Loss: 1.3978804
Loss: 0.37810472
Loss: 0.27920294
Loss: 0.2554593
Loss: 0.0030164444
Loss: 0.0015301874
Loss: 0.0036414138
Loss: 0.7802195
Loss: 0.8703076
Loss: 1.3681192
Loss: 1.8833885
Loss: 0.44424272
Loss: 1.0990047
Loss: 1.556747
Loss: 2.1342475
Loss: 1.624896
Loss: 0.0074910293
Loss: 0.9041098
Loss: 1.4128858
Loss: 4.6981955
Loss: 2.533901
Loss: 0.7906292
Loss: 1.9591885
Loss: 2.4864764
Loss: 1.4786426
Loss: 0.2071105
Loss: 0.3745796
Loss: 0.2361076
Loss: 0.22399727
Loss: 0.24806747
Loss: 0.123617075
Loss: 2.647439
Loss: 2.7039473
Loss: 2.2845101
Loss: 2.2685049
Loss: 2.000533
Loss: 3.3930717
Loss: 3.2601526
Loss: 3.874655
Loss: 2.3701925
Loss: 3.2620823
Loss: 2.6578236
Loss: 1.6527197
Loss: 1.6055517
Loss: 1.7407191
Loss: 0.005791082
Loss: 4.797426
Loss: 4.4389052
Loss: 5.137362
Loss: 3.135612
Loss: 3.28025
Loss: 4.574488
Loss: 3.6730623
Loss: 2.936881
Loss: 3.966493
Loss: 5.3914466
Loss: 0.057139274
Loss: 1.7292293
Loss: 0.015200298
Loss: 0.017484786
Loss: 2.6873684
Loss: 2.751104
Loss: 2.094882
Loss: 2.6155915
Loss: 2.7657542
Loss: 2.57234
Loss: 0.0025021355
Loss: 4.080111
Loss: 3.8844934
Loss: 3.5702126
Loss: 3.2129035
Loss: 3.2998521
Loss: 1.7070067
Loss: 0.41854808
Loss: 0.30511948
Loss: 0.22764796
Loss: 0.24240518
Loss: 0.18154919
Loss: 0.4012281
Loss: 0.50971806
Loss: 0.48652288
Loss: 0.56689435
Loss: 0.4589895
Loss: 0.33374828
Loss: 4.036246
Loss: 2.9193375
Loss: 2.3678365
Loss: 2.0875633
Loss: 2.5917969
Loss: 0.9360335
Loss: 1.3837744
Loss: 2.0895624
Loss: 0.08761084
Loss: 2.2031522
Loss: 2.5142295
Loss: 2.3117692
Loss: 2.8331196
Loss: 2.7406478
Loss: 0.3051407
Loss: 0.7210676
Loss: 0.56027997
Loss: 0.81380373
Loss: 0.63483137
Loss: 0.9057681
Loss: 0.83846384
Loss: 0.33174798
Loss: 5.2979412e-05
Loss: 0.00047600135
Loss: 3.9008038
Loss: 0.98478603
Loss: 0.8655381
Loss: 0.9599906
Loss: 1.0274664
Loss: 1.7061888
Loss: 2.1678054
Loss: 0.03693429
Loss: 0.6487055
Loss: 1.035099
Loss: 1.3499423
Loss: 0.27405477
Loss: 0.0033428096
Loss: 0.34254578
Loss: 1.5223035
Loss: 1.1624006
Loss: 0.1023439
Loss: 1.9360754
Loss: 2.7399256
Loss: 0.9346262
Loss: 3.823107
Loss: 3.1422584
Loss: 4.7168756
Loss: 4.029684
Loss: 4.171913
Loss: 5.8350234
Loss: 1.6743088
Loss: 3.742761
Loss: 7.0833983
Loss: 5.1378694
Loss: 4.4479213
Loss: 3.472992
Loss: 1.8052907
Loss: 4.830202
Loss: 3.3439853
Loss: 3.0029178
Loss: 3.7949033
Loss: 1.2889456
Loss: 0.35597837
Loss: 0.48913297
Loss: 1.8216392
Loss: 1.6189271
Loss: 1.4278146
Loss: 2.4418306
Loss: 2.541782
Loss: 3.2173722
Loss: 0.3133809
Loss: 2.315186
Loss: 1.5326211
Loss: 0.18093464
Loss: 1.94998
Loss: 0.6125044
Loss: 2.0278628
Loss: 1.8507978
Loss: 0.8358866
Loss: 0.19132404
Loss: 0.08569328
Loss: 0.105323285
Loss: 0.8532417
Loss: 1.7160932
Loss: 0.93144065
Loss: 0.2449002
Loss: 1.1595325
Loss: 1.1065875
Loss: 1.2068354
Loss: 0.50828135
Loss: 1.4503253
Loss: 2.305385
Loss: 0.575253
Loss: 0.92630374
Loss: 1.3434825
Loss: 1.5235928
Loss: 0.058397464
Loss: 1.2529985
Loss: 0.23603404
Loss: 2.1200593
Loss: 0.000115738076
Loss: 1.2086495
Loss: 1.96619
Loss: 1.547125
Loss: 1.7764218
Loss: 1.2876885
Loss: 2.0400624
Loss: 4.187713
Loss: 3.6189384
Loss: 1.9318458
Loss: 1.2424829
Loss: 1.1612024
Loss: 2.6778145
Loss: 1.8407656
Loss: 2.3644402
Loss: 1.036603
Loss: 1.1504246
Loss: 6.5675595e-05
Loss: 2.2890687
Loss: 5.272977
Loss: 2.3173997
Loss: 5.02911
Loss: 3.1999447
Loss: 3.7751412
Loss: 0.0010537272
Loss: 0.028384639
Loss: 0.16505605
Loss: 0.24727213
Loss: 0.15955204
Loss: 0.28588772
Loss: 0.35894617
Loss: 0.3316578
Loss: 0.30527836
Loss: 2.0501318
Loss: 0.3523415
Loss: 1.4669997
Loss: 1.2446625
Loss: 2.186715
Loss: 1.2584192
Loss: 1.7519107
Loss: 0.95072585
Loss: 1.0940403
Loss: 2.0581691
Loss: 1.055062
Loss: 1.9909248
Loss: 3.1690307
Loss: 1.0446838
Loss: 2.4462457
Loss: 0.0039339154
Loss: 0.004308077
Loss: 3.7267823
Loss: 4.6493936
Loss: 3.8167744
Loss: 4.621197
Loss: 2.7318022
Loss: 3.3829808
Loss: 3.5585768
Loss: 1.1486859
Loss: 1.0942488
Loss: 0.0040335194
Loss: 0.9834573
Loss: 1.2863606
Loss: 0.86905694
Loss: 0.72410095
Loss: 1.259258
Loss: 1.6525517
Loss: 0.894869
Loss: 1.4435332
Loss: 1.2816534
Loss: 2.2529716
Loss: 2.0382137
Loss: 2.4101653
Loss: 1.4331018
Loss: 1.7014056
Loss: 1.7163628
Loss: 1.4611183
Loss: 1.3512136
Loss: 1.5089606
Loss: 1.1009223
Loss: 1.7028052
Loss: 0.22514994
Loss: 0.20737801
Loss: 0.3047425
Loss: 0.9449014
Loss: 0.32480535
Loss: 0.27321634
Loss: 0.82224935
Loss: 0.034642983
Loss: 0.6849125
Loss: 0.8146804
Loss: 0.59928685
Loss: 0.48477384
Loss: 1.8109963
Loss: 1.3456843
Loss: 1.8091366
Loss: 0.38173345
Loss: 1.5185676
Loss: 0.8904519
Loss: 1.9030482
Loss: 2.105678
Loss: 1.9681324
Loss: 2.6747136
Loss: 2.421264
Loss: 2.2657437
Loss: 0.034601774
Loss: 0.021120114
Loss: 1.5582014
Loss: 1.3417786
Loss: 1.5617465
Loss: 1.0947784
Loss: 0.0038514626
Loss: 0.02302597
Loss: 0.21931207
Loss: 0.17802067
Loss: 1.4722402
Loss: 1.6300856
Loss: 0.025877213
Loss: 1.433829
Loss: 1.4652803
Loss: 1.4526291
Loss: 1.898837
Loss: 1.4227227
Loss: 1.7065618
Loss: 1.6629205
Loss: 1.9732679
Loss: 2.7638364
Loss: 1.8217351
Loss: 1.8893307
Loss: 1.0554358
Loss: 2.7421463
Loss: 0.5513971
Loss: 0.57329416
Loss: 1.8345413
Loss: 0.8770567
Loss: 0.6870739
Loss: 0.31227642
Loss: 0.549368
Loss: 1.5506357
Loss: 0.0073269326
Loss: 0.5116066
Loss: 0.87158686
Loss: 0.0023968986
Loss: 2.611973
Loss: 0.4174638
Loss: 0.7683666
Loss: 1.3653331
Loss: 1.0764484
Loss: 0.159312
Loss: 1.2023016
Loss: 0.83315045
Loss: 0.011273151
Loss: 2.1435611
Loss: 2.3019109
Loss: 1.317743
Loss: 1.4239408
Loss: 1.0529298
Loss: 0.017557265
Loss: 1.7132322
Loss: 1.4383335
Loss: 2.4793024
Loss: 2.4230518
Loss: 1.7850069
Loss: 2.7716053
Loss: 1.4954586
Loss: 2.6119945
Loss: 2.7597513
Loss: 2.291478
Loss: 2.204341
Loss: 5.472257
Loss: 3.7635436
Loss: 5.9848557
Loss: 1.7227694
Loss: 0.48546422
Loss: 3.4905512
Loss: 3.526273
Loss: 3.1726208
Loss: 3.0878437
Loss: 3.448503
Loss: 4.198161
Loss: 4.032131
Loss: 2.678939
Loss: 2.4504023
Loss: 2.3657515
Loss: 0.00896608
Loss: 0.007665972
Loss: 0.010334505
Loss: 0.018052492
Loss: 0.6993314
Loss: 0.58918434
Loss: 0.097095825
Loss: 0.058733508
Loss: 0.05194649
Loss: 0.41251534
Loss: 0.81080925
Loss: 0.99556255
Loss: 0.7284969
Loss: 0.58277106
Loss: 0.9027322
Loss: 0.90704566
Loss: 1.5338963
Loss: 3.7065642
Loss: 3.32336
Loss: 0.0021675988
Loss: 0.0052347793
Loss: 0.061472517
Loss: 0.14067167
Loss: 0.58613694
Loss: 4.278192
Loss: 5.5147367
Loss: 7.6280255
Loss: 4.8529615
Loss: 4.7949886
Loss: 6.917171
Loss: 5.907727
Loss: 3.8143067
Loss: 6.416519
Loss: 3.9436958
Loss: 3.1885443
Loss: 3.0832806
Loss: 2.6530833
Loss: 0.00071084365
Loss: 8.632257
Loss: 3.2658687
Loss: 2.43377
Loss: 2.019075
Loss: 1.9686522
Loss: 2.3374217
Loss: 2.0779147
Loss: 2.2269351
Loss: 0.0026321858
Loss: 19.305172
Loss: 0.742478
Loss: 1.0411233
Loss: 0.58752775
Loss: 0.7110357
Loss: 0.25916967
Loss: 1.1455712
Loss: 0.6006746
Loss: 0.3365096
Loss: 2.71713
Loss: 3.8407836
Loss: 2.4843206
Loss: 2.9781508
Loss: 2.7256975
Loss: 2.2257102
Loss: 1.9387249
Loss: 3.7861729
Loss: 5.682982
Loss: 0.057125784
Loss: 0.19632986
Loss: 6.5008464
Loss: 1.1996179
Loss: 5.0195208
Loss: 5.4563594
Loss: 4.2632527
Loss: 5.801149
Loss: 0.056388106
Loss: 0.008525876
Loss: 4.9795003
Loss: 0.021635167
Loss: 1.8538727
Loss: 1.6819094
Loss: 2.5560462
Loss: 2.2667987
Loss: 1.3073465
Loss: 0.037985932
Loss: 2.6084638
Loss: 2.2139473
Loss: 0.74378216
Loss: 0.5456115
Loss: 1.3588243
Loss: 2.453864
Loss: 1.0941542
Loss: 1.8348109
Loss: 3.5414326
Loss: 2.512485
Loss: 2.2125788
Loss: 3.3617473
Loss: 0.002117016
Loss: 1.1334981
Loss: 1.4757626
Loss: 2.0296772
Loss: 1.4174924
Loss: 1.5994157
Loss: 0.77469796
Loss: 1.1504195
Loss: 1.2337286
Loss: 0.0099895345
Loss: 0.5032634
Loss: 0.49098927
Loss: 0.45022961
Loss: 0.59046
Loss: 0.6140542
Loss: 1.0583168
Loss: 1.6630675
Loss: 1.8925706
Loss: 1.9845811
Loss: 1.868364
Loss: 1.6672288
Loss: 2.9358468
Loss: 2.7812948
Loss: 2.9588635
Loss: 0.019503063
Loss: 2.6677608
Loss: 0.16255705
Loss: 4.5458703
Loss: 3.897773
Loss: 4.0608215
Loss: 0.056326322
Loss: 0.010551078
Loss: 0.83278584
Loss: 2.869664
Loss: 0.13836937
Loss: 0.8268121
Loss: 0.071224526
Loss: 1.3858079
Loss: 0.019526558
Loss: 0.7712364
Loss: 2.5756526
Loss: 2.7458274
Loss: 3.4369671
Loss: 3.0258682
Loss: 2.5633106
Loss: 0.0031887447
Loss: 4.7541647
Loss: 4.1694937
Loss: 4.8651094
Loss: 4.290636
Loss: 4.5857754
Loss: 3.8027914
Loss: 0.011293038
Loss: 0.037575465
Loss: 0.13250913
Loss: 0.8710903
Loss: 1.468777
Loss: 1.8546078
Loss: 1.6635975
Loss: 1.6739748
Loss: 0.00028020956
Loss: 1.0927794
Loss: 0.7708959
Loss: 1.5087187
Loss: 1.7867903
Loss: 2.5760987
Loss: 2.0128222
Loss: 1.6430222
Loss: 1.6587467
Loss: 0.021088231
Loss: 0.15019114
Loss: 1.4820722
Loss: 1.325518
Loss: 1.0962335
Loss: 0.40195566
Loss: 0.90298384
Loss: 0.005012458
Loss: 0.0037079006
Loss: 0.00727419
Loss: 0.54862696
Loss: 0.7134003
Loss: 1.0915172
Loss: 0.5119035
Loss: 0.03130601
Loss: 0.4556879
Loss: 6.9812355e-05
Loss: 1.7057382
Loss: 3.9068754
Loss: 1.8878675
Loss: 2.9876134
Loss: 0.99538636
Loss: 0.89255035
Loss: 3.4344952
Loss: 3.1823351
Loss: 2.32817
Loss: 2.5228732
Loss: 0.008454143
Loss: 7.1444054
Loss: 8.542763
Loss: 1.1819738
Loss: 0.45436314
Loss: 1.4029914
Loss: 0.5064232
Loss: 1.1860292
Loss: 2.3629558
Loss: 1.2488788
Loss: 1.2156577
Loss: 2.3051627
Loss: 5.338379
Loss: 1.4800806
Loss: 0.0028533924
Loss: 1.7169234
Loss: 5.3227296
Loss: 5.3225365
Loss: 2.8713226
Loss: 4.721498
Loss: 2.0619626
Loss: 6.5031323
Loss: 6.213116
Loss: 2.5087204
Loss: 4.803138
Loss: 1.6789616
Loss: 2.1295388
Loss: 2.2900693
Loss: 1.7336262
Loss: 3.103011
Loss: 2.3953586
Loss: 1.5927285
Loss: 1.805108
Loss: 2.5120091
Loss: 3.1743658
Loss: 1.0378875
Loss: 2.4565485
Loss: 3.0486546
Loss: 0.88488793
Loss: 2.6824965
Loss: 0.028516263
Loss: 1.2830826
Loss: 1.1080796
Loss: 2.5379584
Loss: 0.21337722
Loss: 0.25291157
Loss: 3.1675284
Loss: 1.9646809
Loss: 1.3908819
Loss: 3.366641
Loss: 3.0093896
Loss: 4.9563546
Loss: 2.9025233
Loss: 0.9576036
Loss: 1.5447327
Loss: 1.9566138
Loss: 1.4309186
Loss: 1.7218896
Loss: 2.019576
Loss: 2.038903
Loss: 0.52575165
Loss: 1.056347
Loss: 1.0238829
Loss: 0.7811139
Loss: 0.7184126
Loss: 0.8462561
Loss: 0.46388966
Loss: 0.8623677
Loss: 0.44292572
Loss: 0.6308486
Loss: 0.90012455
Loss: 0.17266965
Loss: 1.492246
Loss: 2.2841845
Loss: 1.8389437
Loss: 1.6988868
Loss: 2.2759295
Loss: 4.0374403
Loss: 6.504688
Loss: 4.959218
Loss: 0.40313092
Loss: 3.24628
Loss: 0.0023632955
Loss: 4.928933
Loss: 3.806346
Loss: 5.8607183
Loss: 4.5601053
Loss: 0.46418062
Loss: 2.85836
Loss: 2.6695359
Loss: 4.098009
Loss: 0.0047513302
Loss: 0.049475323
Loss: 0.044811673
Loss: 1.7959789
Loss: 2.5013633
Loss: 1.4454796
Loss: 1.5383071
Loss: 2.8386853
Loss: 1.6261501
Loss: 1.6959178
Loss: 1.9062753
Loss: 1.5564387
Loss: 2.401329
Loss: 1.0307775
Loss: 1.6751901
Loss: 4.3273234
Loss: 3.6797905
Loss: 4.556339
Loss: 3.1951442
Loss: 3.5443199
Loss: 2.7295618
Loss: 0.42797804
Loss: 1.0841687
Loss: 1.0659704
Loss: 1.3570367
Loss: 1.6866097
Loss: 0.33427715
Loss: 1.5179846
Loss: 0.005751079
Loss: 1.5500158
Loss: 1.9846138
Loss: 0.11578454
Loss: 1.7245594
Loss: 1.8481171
Loss: 1.9859196
Loss: 0.05547559
Loss: 1.7451835
Loss: 2.056896
Loss: 1.3034791
Loss: 0.0039185574
Loss: 0.56550485
Loss: 0.30737323
Loss: 1.0067941
Loss: 1.7232976
Loss: 1.1148543
Loss: 1.0954622
Loss: 1.372818
Loss: 1.0452437
Loss: 1.1886221
Loss: 0.0063499045
Loss: 0.0047072973
Loss: 0.0059716525
Loss: 0.95734006
Loss: 0.73151237
Loss: 0.78740406
Loss: 0.19195738
Loss: 1.4235696
Loss: 0.67893004
Loss: 2.124795
Loss: 1.8056766
Loss: 3.359079
Loss: 3.3392117
Loss: 3.132339
Loss: 3.7453313
Loss: 1.7506753
Loss: 0.0035513483
Loss: 0.002952125
Loss: 0.0051699528
Loss: 0.003702256
Loss: 0.0011379421
Loss: 0.0006847599
Loss: 0.0025183053
Loss: 0.003261556
Loss: 0.00416478
Loss: 0.020531971
Loss: 0.9837843
Loss: 2.8060834
Loss: 4.934883
Loss: 4.7677207
Loss: 4.76952
Loss: 3.5378397
Loss: 3.8622732
Loss: 4.6197615
Loss: 1.5683305
Loss: 0.161443
Loss: 2.0367703
Loss: 6.144594
Loss: 2.7109613
Loss: 2.597027
Loss: 2.6468828
Loss: 0.38754624
Loss: 8.92845
Loss: 2.9473433
Loss: 2.4465032
Loss: 2.3316147
Loss: 0.33748323
Loss: 2.8640208
Loss: 2.928774
Loss: 0.977647
Loss: 1.446817
Loss: 0.721723
Loss: 0.009511152
Loss: 0.49067608
Loss: 3.4689667
Loss: 0.5674433
Loss: 0.26213416
Loss: 2.7304552
Loss: 4.547645
Loss: 5.391271
Loss: 4.9136934
Loss: 2.687013
Loss: 3.01802
Loss: 3.192094
Loss: 4.266384
Loss: 0.6027195
Loss: 2.3422103
Loss: 1.8849739
Loss: 2.5695431
Loss: 2.0994391
Loss: 1.7248107
Loss: 1.9485689
Loss: 0.0132343
Loss: 6.87246
Loss: 2.1368744
Loss: 2.0265694
Loss: 2.846858
Loss: 1.1823286
Loss: 1.5881692
Loss: 2.949553
Loss: 2.5983906
Loss: 1.3048298
Loss: 2.844726
Loss: 1.5897764
Loss: 2.5795949
Loss: 3.1980598
Loss: 2.0322707
Loss: 1.7895795
Loss: 1.4884443
Loss: 1.5718198
Loss: 0.92081594
Loss: 1.2169098
Loss: 1.6140584
Loss: 0.6550625
Loss: 2.0211468
Loss: 0.001382868
Loss: 0.050988413
Loss: 0.40450647
Loss: 0.24115661
Loss: 0.23423405
Loss: 0.15882018
Loss: 2.4411194
Loss: 1.8040496
Loss: 1.1097794
Loss: 0.109792486
Loss: 0.32833928
Loss: 0.2234374
Loss: 1.9706635
Loss: 1.5902464
Loss: 1.7868918
Loss: 1.6447188
Loss: 2.9952953
Loss: 2.2149596
Loss: 1.6303529
Loss: 1.9731276
Loss: 1.9212117
Loss: 2.0901916
Loss: 2.3136845
Loss: 2.8688958
Loss: 2.1598208
Loss: 1.1278284
Loss: 1.854148
Loss: 1.3640195
Loss: 0.96692497
Loss: 2.3089516
Loss: 2.5336428
Loss: 4.0261717
Loss: 1.6991264
Loss: 5.505151
Loss: 3.4234295
Loss: 3.5552003
Loss: 2.3981133
Loss: 2.3533168
Loss: 2.493633
Loss: 3.4133976
Loss: 3.9134407
Loss: 2.4334671
Loss: 1.5521883
Loss: 1.0814946
Loss: 1.2179649
Loss: 0.5914047
Loss: 0.59867346
Loss: 0.4150375
Loss: 1.0044322
Loss: 0.65071005
Loss: 0.60379964
Loss: 0.0009977878
Loss: 0.8137124
Loss: 2.014075
Loss: 2.1333764
Loss: 3.4511046
Loss: 0.82086015
Loss: 1.4390627
Loss: 0.01622427
Loss: 0.9379518
Loss: 0.5268758
Loss: 2.1221511
Loss: 3.619978
Loss: 3.1017647
Loss: 3.6632595
Loss: 2.4363918
Loss: 2.517493
Loss: 2.7476764
Loss: 2.5029068
Loss: 0.20604447
Loss: 3.6541698
Loss: 3.4313536
Loss: 0.02378979
Loss: 0.04860506
Loss: 0.022701541
Loss: 0.46575204
Loss: 1.3075219
Loss: 0.37396762
Loss: 0.23444584
Loss: 0.22669177
Loss: 0.0026560256
Loss: 0.0023895681
Loss: 0.004591995
Loss: 0.73908085
Loss: 0.83576816
Loss: 1.3255653
Loss: 1.835052
Loss: 0.43258318
Loss: 1.0286771
Loss: 1.5003449
Loss: 1.9884014
Loss: 1.52875
Loss: 0.018882256
Loss: 0.8653275
Loss: 1.3451471
Loss: 4.6104064
Loss: 2.3864522
Loss: 0.75679594
Loss: 1.8773098
Loss: 2.4205954
Loss: 1.4184157
Loss: 0.20990251
Loss: 0.409737
Loss: 0.23640132
Loss: 0.21673307
Loss: 0.2574476
Loss: 0.12611465
Loss: 2.6146119
Loss: 2.5602474
Loss: 2.194535
Loss: 2.151293
Loss: 1.9146436
Loss: 3.3809457
Loss: 3.054835
Loss: 3.6676605
Loss: 2.2046704
Loss: 3.098996
Loss: 2.5509179
Loss: 1.50709
Loss: 1.5076957
Loss: 1.7305919
Loss: 0.0018386176
Loss: 4.4636517
Loss: 4.3544354
Loss: 5.0983744
Loss: 3.0596285
Loss: 3.145267
Loss: 4.4097586
Loss: 3.5714684
Loss: 2.784148
Loss: 3.744412
Loss: 5.2086544
Loss: 0.033774536
Loss: 1.5544637
Loss: 0.013063142
Loss: 0.020253574
Loss: 2.459988
Loss: 2.6609297
Loss: 2.0110483
Loss: 2.5813231
Loss: 2.6894913
Loss: 2.5577943
Loss: 0.001474617
Loss: 3.844569
Loss: 3.667091
Loss: 3.9072735
Loss: 3.3073308
Loss: 3.0897856
Loss: 1.6356268
Loss: 0.5928704
Loss: 0.28655943
Loss: 0.21850365
Loss: 0.24258454
Loss: 0.17535725
Loss: 0.38532433
Loss: 0.48955166
Loss: 0.47642428
Loss: 0.5517683
Loss: 0.43765792
Loss: 0.32876173
Loss: 3.5127873
Loss: 2.9113224
Loss: 2.3489559
Loss: 2.1147718
Loss: 2.4899974
Loss: 0.8866203
Loss: 1.3256643
Loss: 2.0908396
Loss: 0.12212886
Loss: 2.18304
Loss: 2.5022163
Loss: 2.3342707
Loss: 2.740667
Loss: 2.6680489
Loss: 0.2701796
Loss: 0.67282015
Loss: 0.56740737
Loss: 0.81266403
Loss: 0.61687565
Loss: 0.8153916
Loss: 0.7933857
Loss: 0.30264685
Loss: 0.0021319843
Loss: 0.0011191171
Loss: 3.480923
Loss: 0.86720145
Loss: 0.79829115
Loss: 0.9044295
Loss: 0.9723647
Loss: 1.7233258
Loss: 2.175705
Loss: 0.03511159
Loss: 0.662387
Loss: 1.0146018
Loss: 1.298313
Loss: 0.27026105
Loss: 0.0024525528
Loss: 0.30892247
Loss: 1.2815325
Loss: 0.9536004
Loss: 0.0877276
Loss: 1.9837488
Loss: 2.547477
Loss: 0.8553928
Loss: 3.9078543
Loss: 3.0711458
Loss: 4.473681
Loss: 3.639605
Loss: 3.9593785
Loss: 5.301185
Loss: 1.6543295
Loss: 3.3715286
Loss: 6.83676
Loss: 4.2615795
Loss: 4.355971
Loss: 3.2242162
Loss: 1.8753129
Loss: 4.764129
Loss: 2.9028304
Loss: 2.7176979
Loss: 3.562619
Loss: 1.1626097
Loss: 0.35624126
Loss: 0.48926163
Loss: 1.7970572
Loss: 1.540718
Loss: 1.40303
Loss: 2.4414587
Loss: 2.5667317
Loss: 3.218034
Loss: 0.25177723
Loss: 2.202347
Loss: 1.5115136
Loss: 0.123702034
Loss: 2.156562
Loss: 0.5739805
Loss: 1.9615538
Loss: 1.7662091
Loss: 0.8472066
Loss: 0.17377606
Loss: 0.069522984
Loss: 0.1089097
Loss: 0.9142856
Loss: 2.11471
Loss: 1.0316966
Loss: 0.08426158
Loss: 1.0392097
Loss: 0.95099944
Loss: 1.069647
Loss: 0.46452516
Loss: 1.3960714
Loss: 2.3579214
Loss: 0.4931171
Loss: 0.95930296
Loss: 1.397368
Loss: 1.4438021
Loss: 0.051875085
Loss: 1.1584815
Loss: 0.23305269
Loss: 2.0222137
Loss: 0.00022666331
Loss: 1.2023274
Loss: 1.6825328
Loss: 1.3372943
Loss: 1.535956
Loss: 1.0743678
Loss: 1.5670661
Loss: 3.3530283
Loss: 3.4120855
Loss: 1.7926766
Loss: 1.119789
Loss: 1.0631453
Loss: 2.5493197
Loss: 1.634015
Loss: 2.110231
Loss: 0.9580884
Loss: 1.0030758
Loss: 0.002741641
Loss: 2.2204847
Loss: 5.190449
Loss: 2.4232335
Loss: 4.688338
Loss: 2.9889116
Loss: 3.6628826
Loss: 0.002165133
Loss: 0.025557268
Loss: 0.17181933
Loss: 0.24249524
Loss: 0.15938595
Loss: 0.27615005
Loss: 0.3353657
Loss: 0.32254842
Loss: 0.3099709
Loss: 2.0416758
Loss: 0.34580556
Loss: 1.4160616
Loss: 1.1422507
Loss: 2.051993
Loss: 1.2031392
Loss: 1.6372997
Loss: 0.88583946
Loss: 1.0403377
Loss: 1.9251683
Loss: 1.0093212
Loss: 1.9351215
Loss: 3.0725327
Loss: 1.0437751
Loss: 2.3628328
Loss: 0.010830882
Loss: 0.003908913
Loss: 3.5960038
Loss: 4.3391767
Loss: 3.6655688
Loss: 4.4624767
Loss: 2.6660297
Loss: 3.1962004
Loss: 3.4125822
Loss: 1.0389018
Loss: 1.0059863
Loss: 0.0010403811
Loss: 0.8732821
Loss: 1.1352924
Loss: 0.7811844
Loss: 0.66598094
Loss: 1.206722
Loss: 1.560668
Loss: 0.81219554
Loss: 1.2926013
Loss: 1.1873704
Loss: 1.6335372
Loss: 1.6925681
Loss: 2.007248
Loss: 1.2283772
Loss: 1.531967
Loss: 1.4871081
Loss: 1.2530068
Loss: 1.1068316
Loss: 1.3217492
Loss: 0.88376856
Loss: 1.4819825
Loss: 0.2030007
Loss: 0.19065921
Loss: 0.24562961
Loss: 0.89027727
Loss: 0.2935869
Loss: 0.26518193
Loss: 0.77675486
Loss: 0.030795481
Loss: 0.6246348
Loss: 0.7171693
Loss: 0.5880119
Loss: 0.48312315
Loss: 1.8852117
Loss: 1.355552
Loss: 1.7416381
Loss: 0.38993785
Loss: 1.496221
Loss: 0.8395005
Loss: 2.2205758
Loss: 2.1068206
Loss: 1.9016296
Loss: 2.6959565
Loss: 2.3416877
Loss: 2.1315343
Loss: 0.039356533
Loss: 0.032207157
Loss: 1.8040558
Loss: 1.2903159
Loss: 1.5306171
Loss: 1.0911272
Loss: 0.00096444495
Loss: 0.024454163
Loss: 0.18060385
Loss: 0.14746211
Loss: 1.5700644
Loss: 1.7008004
Loss: 0.021818366
Loss: 1.4404775
Loss: 1.4472362
Loss: 1.4547664
Loss: 1.8909099
Loss: 1.4066076
Loss: 1.6793587
Loss: 1.628881
Loss: 1.9419017
Loss: 2.7779095
Loss: 1.7838421
Loss: 1.8221463
Loss: 1.0253013
Loss: 2.7884204
Loss: 0.54134786
Loss: 0.54853654
Loss: 1.7802188
Loss: 0.79099196
Loss: 0.5932213
Loss: 0.30891812
Loss: 0.50816375
Loss: 1.3559812
Loss: 0.0073170247
Loss: 0.3467677
Loss: 0.79578716
Loss: 0.0020242322
Loss: 3.0025594
Loss: 0.3872161
Loss: 0.67066395
Loss: 1.2284243
Loss: 0.95337945
Loss: 0.09285004
Loss: 1.0932033
Loss: 0.7146762
Loss: 0.007133402
Loss: 2.004607
Loss: 2.1831486
Loss: 1.2670231
Loss: 1.3657391
Loss: 1.0605221
Loss: 0.02025963
Loss: 1.7387716
Loss: 1.353675
Loss: 2.4956856
Loss: 2.4215062
Loss: 1.727194
Loss: 2.6491845
Loss: 1.4630889
Loss: 2.7039685
Loss: 2.6368375
Loss: 2.2460399
Loss: 2.0852864
Loss: 4.9647913
Loss: 2.3325922
Loss: 6.7064886
Loss: 1.691563
Loss: 0.29230717
Loss: 4.2551537
Loss: 4.5099683
Loss: 3.4775233
Loss: 3.616282
Loss: 3.6493468
Loss: 4.3222837
Loss: 3.9246154
Loss: 3.0873585
Loss: 2.585439
Loss: 2.4852037
Loss: 0.043255646
Loss: 0.019660003
Loss: 0.017912086
Loss: 0.027219387
Loss: 0.5920473
Loss: 0.50845724
Loss: 0.10608779
Loss: 0.06345238
Loss: 0.06066129
Loss: 0.411681
Loss: 0.78727406
Loss: 0.9376431
Loss: 0.72244406
Loss: 0.6123994
Loss: 0.8494501
Loss: 0.9912062
Loss: 1.481058
Loss: 3.6411793
Loss: 3.2619028
Loss: 0.006845459
Loss: 0.0061088614
Loss: 0.10628775
Loss: 0.18753995
Loss: 0.74770486
Loss: 3.432529
Loss: 6.339989
Loss: 8.289493
Loss: 5.155946
Loss: 4.780989
Loss: 7.17825
Loss: 6.9009724
Loss: 4.3296623
Loss: 6.676863
Loss: 4.7356095
Loss: 3.633648
Loss: 4.0063934
Loss: 2.8687007
Loss: 0.2142142
Loss: 5.9980636
Loss: 2.963459
Loss: 2.7635527
Loss: 2.630343
Loss: 2.339431
Loss: 2.507445
Loss: 2.5069964
Loss: 2.4978786
Loss: 0.001834742
Loss: 16.360115
Loss: 0.6861211
Loss: 0.8069662
Loss: 0.4945667
Loss: 0.48558876
Loss: 0.27339956
Loss: 0.9300898
Loss: 0.46335083
Loss: 0.32237586
Loss: 2.5322328
Loss: 3.524007
Loss: 1.7672955
Loss: 2.5841155
Loss: 2.362713
Loss: 1.7740352
Loss: 1.2947448
Loss: 3.3646147
Loss: 3.3161294
Loss: 2.3054125
Loss: 0.012668354
Loss: 8.416222
Loss: 1.42023
Loss: 6.1467476
Loss: 5.4901476
Loss: 3.8903663
Loss: 5.9426694
Loss: 0.045894813
Loss: 0.0070900614
Loss: 5.261744
Loss: 0.02253588
Loss: 1.8495262
Loss: 1.812917
Loss: 2.7585769
Loss: 2.3937654
Loss: 1.1825111
Loss: 0.04056717
Loss: 2.2059255
Loss: 2.0465376
Loss: 0.47937375
Loss: 2.0931804
Loss: 1.3588772
Loss: 2.3562815
Loss: 1.5777651
Loss: 1.9159144
Loss: 3.4575963
Loss: 3.2815485
Loss: 2.218106
Loss: 3.5724497
Loss: 0.010044169
Loss: 1.0466856
Loss: 1.1410166
Loss: 1.9535506
Loss: 1.100254
Loss: 1.4866954
Loss: 0.7140333
Loss: 1.0986824
Loss: 1.2911814
Loss: 0.0069735567
Loss: 0.4354772
Loss: 0.4640757
Loss: 0.4327168
Loss: 0.561371
Loss: 0.5737777
Loss: 1.0469073
Loss: 1.6042196
Loss: 1.8598775
Loss: 1.9523524
Loss: 1.7576787
Loss: 1.5358043
Loss: 2.863033
Loss: 2.7168546
Loss: 2.8724983
Loss: 0.021646317
Loss: 2.5673218
Loss: 0.15729703
Loss: 3.648272
Loss: 3.588818
Loss: 3.65365
Loss: 0.06119457
Loss: 0.015658649
Loss: 0.7662885
Loss: 2.7600276
Loss: 0.14430907
Loss: 0.86610216
Loss: 0.06990208
Loss: 1.2887383
Loss: 0.02709921
Loss: 0.7333478
Loss: 2.5515103
Loss: 2.693268
Loss: 3.2415392
Loss: 3.0815012
Loss: 2.4744573
Loss: 0.0005952678
Loss: 4.865451
Loss: 3.9191785
Loss: 4.846581
Loss: 4.1889944
Loss: 4.7392087
Loss: 3.831132
Loss: 0.0028736629
Loss: 0.052146446
Loss: 0.16362149
Loss: 0.9519208
Loss: 1.6802473
Loss: 2.0570018
Loss: 1.778955
Loss: 1.6867735
Loss: 0.003152942
Loss: 1.2534368
Loss: 0.71580565
Loss: 1.3884903
Loss: 1.7398822
Loss: 2.591983
Loss: 1.9979804
Loss: 1.6199393
Loss: 1.6217923
Loss: 0.028912086
Loss: 0.16069216
Loss: 1.4534913
Loss: 1.8596735
Loss: 1.2458872
Loss: 0.44938332
Loss: 0.8785011
Loss: 0.0047430913
Loss: 0.008220132
Loss: 0.011781182
Loss: 0.53761244
Loss: 0.7198283
Loss: 1.1674184
Loss: 0.48576346
Loss: 0.041349605
Loss: 0.47538927
Loss: 0.00017878757
Loss: 2.957329
Loss: 3.4946525
Loss: 1.9212515
Loss: 2.9688427
Loss: 0.9908426
Loss: 1.0695153
Loss: 3.3563118
Loss: 2.7543204
Loss: 2.3781526
Loss: 2.4330213
Loss: 0.034879558
Loss: 10.162307
Loss: 8.327785
Loss: 1.413943
Loss: 0.40079418
Loss: 1.2849945
Loss: 0.48171526
Loss: 1.0915664
Loss: 2.2924712
Loss: 1.1496398
Loss: 1.114987
Loss: 2.0473745
Loss: 4.5738573
Loss: 1.3174849
Loss: 0.0012640217
Loss: 1.586001
Loss: 5.696867
Loss: 5.3858366
Loss: 2.521081
Loss: 4.414959
Loss: 1.8384929
Loss: 6.4719477
Loss: 5.9849014
Loss: 2.3488934
Loss: 4.9152045
Loss: 1.4398154
Loss: 2.1435556
Loss: 1.9937829
Loss: 1.7076098
Loss: 3.0694838
Loss: 2.365842
Loss: 1.5476657
Loss: 1.8683854
Loss: 2.2168171
Loss: 2.9891286
Loss: 1.0105466
Loss: 2.2492168
Loss: 2.743013
Loss: 0.85171425
Loss: 2.4503307
Loss: 0.027938582
Loss: 1.2297302
Loss: 1.0883234
Loss: 2.6049726
Loss: 0.20881574
Loss: 0.25879514
Loss: 3.3951256
Loss: 2.00404
Loss: 1.4490734
Loss: 3.307863
Loss: 3.0381064
Loss: 4.773804
Loss: 3.0201085
Loss: 0.8643329
Loss: 1.7623149
